Analysis & Synthesis report for lab6
Wed Nov 20 14:50:13 2019
Quartus II 32-bit Version 13.0.1 Build 232 06/12/2013 Service Pack 1 SJ Full Version


---------------------
; Table of Contents ;
---------------------
  1. Legal Notice
  2. Analysis & Synthesis Summary
  3. Analysis & Synthesis Settings
  4. Parallel Compilation
  5. Analysis & Synthesis Source Files Read
  6. Analysis & Synthesis Resource Usage Summary
  7. Analysis & Synthesis Resource Utilization by Entity
  8. State Machine - |lab6|machine:inst2|state
  9. General Register Statistics
 10. Multiplexer Restructuring Statistics (Restructuring Performed)
 11. Elapsed Time Per Partition
 12. Analysis & Synthesis Messages



----------------
; Legal Notice ;
----------------
Copyright (C) 1991-2013 Altera Corporation
Your use of Altera Corporation's design tools, logic functions 
and other software and tools, and its AMPP partner logic 
functions, and any output files from any of the foregoing 
(including device programming or simulation files), and any 
associated documentation or information are expressly subject 
to the terms and conditions of the Altera Program License 
Subscription Agreement, Altera MegaCore Function License 
Agreement, or other applicable license agreement, including, 
without limitation, that your use is for the sole purpose of 
programming logic devices manufactured by Altera and sold by 
Altera or its authorized distributors.  Please refer to the 
applicable agreement for further details.



+---------------------------------------------------------------------------------------+
; Analysis & Synthesis Summary                                                          ;
+------------------------------------+--------------------------------------------------+
; Analysis & Synthesis Status        ; Successful - Wed Nov 20 14:50:13 2019            ;
; Quartus II 32-bit Version          ; 13.0.1 Build 232 06/12/2013 SP 1 SJ Full Version ;
; Revision Name                      ; lab6                                             ;
; Top-level Entity Name              ; lab6                                             ;
; Family                             ; Cyclone II                                       ;
; Total logic elements               ; 154                                              ;
;     Total combinational functions  ; 131                                              ;
;     Dedicated logic registers      ; 34                                               ;
; Total registers                    ; 34                                               ;
; Total pins                         ; 55                                               ;
; Total virtual pins                 ; 0                                                ;
; Total memory bits                  ; 0                                                ;
; Embedded Multiplier 9-bit elements ; 0                                                ;
; Total PLLs                         ; 0                                                ;
+------------------------------------+--------------------------------------------------+


+----------------------------------------------------------------------------------------------------------------------+
; Analysis & Synthesis Settings                                                                                        ;
+----------------------------------------------------------------------------+--------------------+--------------------+
; Option                                                                     ; Setting            ; Default Value      ;
+----------------------------------------------------------------------------+--------------------+--------------------+
; Device                                                                     ; EP2C35F672C6       ;                    ;
; Top-level entity name                                                      ; lab6               ; lab6               ;
; Family name                                                                ; Cyclone II         ; Cyclone IV GX      ;
; Use smart compilation                                                      ; Off                ; Off                ;
; Enable parallel Assembler and TimeQuest Timing Analyzer during compilation ; On                 ; On                 ;
; Enable compact report table                                                ; Off                ; Off                ;
; Restructure Multiplexers                                                   ; Auto               ; Auto               ;
; Create Debugging Nodes for IP Cores                                        ; Off                ; Off                ;
; Preserve fewer node names                                                  ; On                 ; On                 ;
; Disable OpenCore Plus hardware evaluation                                  ; Off                ; Off                ;
; Verilog Version                                                            ; Verilog_2001       ; Verilog_2001       ;
; VHDL Version                                                               ; VHDL_1993          ; VHDL_1993          ;
; State Machine Processing                                                   ; Auto               ; Auto               ;
; Safe State Machine                                                         ; Off                ; Off                ;
; Extract Verilog State Machines                                             ; On                 ; On                 ;
; Extract VHDL State Machines                                                ; On                 ; On                 ;
; Ignore Verilog initial constructs                                          ; Off                ; Off                ;
; Iteration limit for constant Verilog loops                                 ; 5000               ; 5000               ;
; Iteration limit for non-constant Verilog loops                             ; 250                ; 250                ;
; Add Pass-Through Logic to Inferred RAMs                                    ; On                 ; On                 ;
; Infer RAMs from Raw Logic                                                  ; On                 ; On                 ;
; Parallel Synthesis                                                         ; On                 ; On                 ;
; DSP Block Balancing                                                        ; Auto               ; Auto               ;
; NOT Gate Push-Back                                                         ; On                 ; On                 ;
; Power-Up Don't Care                                                        ; On                 ; On                 ;
; Remove Redundant Logic Cells                                               ; Off                ; Off                ;
; Remove Duplicate Registers                                                 ; On                 ; On                 ;
; Ignore CARRY Buffers                                                       ; Off                ; Off                ;
; Ignore CASCADE Buffers                                                     ; Off                ; Off                ;
; Ignore GLOBAL Buffers                                                      ; Off                ; Off                ;
; Ignore ROW GLOBAL Buffers                                                  ; Off                ; Off                ;
; Ignore LCELL Buffers                                                       ; Off                ; Off                ;
; Ignore SOFT Buffers                                                        ; On                 ; On                 ;
; Limit AHDL Integers to 32 Bits                                             ; Off                ; Off                ;
; Optimization Technique                                                     ; Balanced           ; Balanced           ;
; Carry Chain Length                                                         ; 70                 ; 70                 ;
; Auto Carry Chains                                                          ; On                 ; On                 ;
; Auto Open-Drain Pins                                                       ; On                 ; On                 ;
; Perform WYSIWYG Primitive Resynthesis                                      ; Off                ; Off                ;
; Auto ROM Replacement                                                       ; On                 ; On                 ;
; Auto RAM Replacement                                                       ; On                 ; On                 ;
; Auto Shift Register Replacement                                            ; Auto               ; Auto               ;
; Allow Shift Register Merging across Hierarchies                            ; Auto               ; Auto               ;
; Auto Clock Enable Replacement                                              ; On                 ; On                 ;
; Strict RAM Replacement                                                     ; Off                ; Off                ;
; Allow Synchronous Control Signals                                          ; On                 ; On                 ;
; Force Use of Synchronous Clear Signals                                     ; Off                ; Off                ;
; Auto RAM to Logic Cell Conversion                                          ; Off                ; Off                ;
; Auto Resource Sharing                                                      ; Off                ; Off                ;
; Allow Any RAM Size For Recognition                                         ; Off                ; Off                ;
; Allow Any ROM Size For Recognition                                         ; Off                ; Off                ;
; Allow Any Shift Register Size For Recognition                              ; Off                ; Off                ;
; Use LogicLock Constraints during Resource Balancing                        ; On                 ; On                 ;
; Ignore translate_off and synthesis_off directives                          ; Off                ; Off                ;
; Timing-Driven Synthesis                                                    ; Off                ; Off                ;
; Report Parameter Settings                                                  ; On                 ; On                 ;
; Report Source Assignments                                                  ; On                 ; On                 ;
; Report Connectivity Checks                                                 ; On                 ; On                 ;
; Ignore Maximum Fan-Out Assignments                                         ; Off                ; Off                ;
; Synchronization Register Chain Length                                      ; 2                  ; 2                  ;
; PowerPlay Power Optimization                                               ; Normal compilation ; Normal compilation ;
; HDL message level                                                          ; Level2             ; Level2             ;
; Suppress Register Optimization Related Messages                            ; Off                ; Off                ;
; Number of Removed Registers Reported in Synthesis Report                   ; 5000               ; 5000               ;
; Number of Swept Nodes Reported in Synthesis Report                         ; 5000               ; 5000               ;
; Number of Inverted Registers Reported in Synthesis Report                  ; 100                ; 100                ;
; Clock MUX Protection                                                       ; On                 ; On                 ;
; Auto Gated Clock Conversion                                                ; Off                ; Off                ;
; Block Design Naming                                                        ; Auto               ; Auto               ;
; SDC constraint protection                                                  ; Off                ; Off                ;
; Synthesis Effort                                                           ; Auto               ; Auto               ;
; Shift Register Replacement - Allow Asynchronous Clear Signal               ; On                 ; On                 ;
; Pre-Mapping Resynthesis Optimization                                       ; Off                ; Off                ;
; Analysis & Synthesis Message Level                                         ; Medium             ; Medium             ;
; Disable Register Merging Across Hierarchies                                ; Auto               ; Auto               ;
; Resource Aware Inference For Block RAM                                     ; On                 ; On                 ;
; Synthesis Seed                                                             ; 1                  ; 1                  ;
+----------------------------------------------------------------------------+--------------------+--------------------+


+------------------------------------------+
; Parallel Compilation                     ;
+----------------------------+-------------+
; Processors                 ; Number      ;
+----------------------------+-------------+
; Number detected on machine ; 8           ;
; Maximum allowed            ; 4           ;
;                            ;             ;
; Average used               ; 1.00        ;
; Maximum used               ; 1           ;
;                            ;             ;
; Usage by Processor         ; % Time Used ;
;     Processor 1            ; 100.0%      ;
;     Processors 2-8         ;   0.0%      ;
+----------------------------+-------------+


+-------------------------------------------------------------------------------------------------------------------------------------------------------------------+
; Analysis & Synthesis Source Files Read                                                                                                                            ;
+----------------------------------+-----------------+------------------------------------------+---------------------------------------------------------+---------+
; File Name with User-Entered Path ; Used in Netlist ; File Type                                ; File Name with Absolute Path                            ; Library ;
+----------------------------------+-----------------+------------------------------------------+---------------------------------------------------------+---------+
; 4x16decode.bdf                   ; yes             ; User Block Diagram/Schematic File        ; /home/student1/aarulnes/Desktop/lab6/4x16decode.bdf     ;         ;
; precombiner.vhd                  ; yes             ; User VHDL File                           ; /home/student1/aarulnes/Desktop/lab6/precombiner.vhd    ;         ;
; postcombiner.vhd                 ; yes             ; User VHDL File                           ; /home/student1/aarulnes/Desktop/lab6/postcombiner.vhd   ;         ;
; lab6.bdf                         ; yes             ; User Block Diagram/Schematic File        ; /home/student1/aarulnes/Desktop/lab6/lab6.bdf           ;         ;
; 4x16.bdf                         ; yes             ; User Block Diagram/Schematic File        ; /home/student1/aarulnes/Desktop/lab6/4x16.bdf           ;         ;
; ALU2.vhd                         ; yes             ; User VHDL File                           ; /home/student1/aarulnes/Desktop/lab6/ALU2.vhd           ;         ;
; seggfsm.vhd                      ; yes             ; User VHDL File                           ; /home/student1/aarulnes/Desktop/lab6/seggfsm.vhd        ;         ;
; ssegfsm.vhd                      ; yes             ; User VHDL File                           ; /home/student1/aarulnes/Desktop/lab6/ssegfsm.vhd        ;         ;
; machine.vhd                      ; yes             ; Auto-Found VHDL File                     ; /home/student1/aarulnes/Desktop/lab6/machine.vhd        ;         ;
; latch1.vhd                       ; yes             ; Auto-Found VHDL File                     ; /home/student1/aarulnes/Desktop/lab6/latch1.vhd         ;         ;
; decodeModified.bdf               ; yes             ; Auto-Found Block Diagram/Schematic File  ; /home/student1/aarulnes/Desktop/lab6/decodeModified.bdf ;         ;
; decod.vhd                        ; yes             ; Auto-Found VHDL File                     ; /home/student1/aarulnes/Desktop/lab6/decod.vhd          ;         ;
+----------------------------------+-----------------+------------------------------------------+---------------------------------------------------------+---------+


+-----------------------------------------------------+
; Analysis & Synthesis Resource Usage Summary         ;
+---------------------------------------------+-------+
; Resource                                    ; Usage ;
+---------------------------------------------+-------+
; Estimated Total logic elements              ; 154   ;
;                                             ;       ;
; Total combinational functions               ; 131   ;
; Logic element usage by number of LUT inputs ;       ;
;     -- 4 input functions                    ; 62    ;
;     -- 3 input functions                    ; 25    ;
;     -- <=2 input functions                  ; 44    ;
;                                             ;       ;
; Logic elements by mode                      ;       ;
;     -- normal mode                          ; 89    ;
;     -- arithmetic mode                      ; 42    ;
;                                             ;       ;
; Total registers                             ; 34    ;
;     -- Dedicated logic registers            ; 34    ;
;     -- I/O registers                        ; 0     ;
;                                             ;       ;
; I/O pins                                    ; 55    ;
; Embedded Multiplier 9-bit elements          ; 0     ;
; Maximum fan-out node                        ; Clock ;
; Maximum fan-out                             ; 34    ;
; Total fan-out                               ; 540   ;
; Average fan-out                             ; 2.45  ;
+---------------------------------------------+-------+


+-----------------------------------------------------------------------------------------------------------------------------------------------------------------------------+
; Analysis & Synthesis Resource Utilization by Entity                                                                                                                         ;
+----------------------------+-------------------+--------------+-------------+--------------+---------+-----------+------+--------------+---------------------+--------------+
; Compilation Hierarchy Node ; LC Combinationals ; LC Registers ; Memory Bits ; DSP Elements ; DSP 9x9 ; DSP 18x18 ; Pins ; Virtual Pins ; Full Hierarchy Name ; Library Name ;
+----------------------------+-------------------+--------------+-------------+--------------+---------+-----------+------+--------------+---------------------+--------------+
; |lab6                      ; 131 (0)           ; 34 (0)       ; 0           ; 0            ; 0       ; 0         ; 55   ; 0            ; |lab6               ; work         ;
;    |ALU2:inst3|            ; 101 (101)         ; 9 (9)        ; 0           ; 0            ; 0       ; 0         ; 0    ; 0            ; |lab6|ALU2:inst3    ; work         ;
;    |latch1:inst1|          ; 0 (0)             ; 8 (8)        ; 0           ; 0            ; 0       ; 0         ; 0    ; 0            ; |lab6|latch1:inst1  ; work         ;
;    |latch1:inst|           ; 4 (4)             ; 8 (8)        ; 0           ; 0            ; 0       ; 0         ; 0    ; 0            ; |lab6|latch1:inst   ; work         ;
;    |machine:inst2|         ; 7 (7)             ; 9 (9)        ; 0           ; 0            ; 0       ; 0         ; 0    ; 0            ; |lab6|machine:inst2 ; work         ;
;    |sseg:inst13|           ; 5 (5)             ; 0 (0)        ; 0           ; 0            ; 0       ; 0         ; 0    ; 0            ; |lab6|sseg:inst13   ; work         ;
;    |sseg:inst16|           ; 7 (7)             ; 0 (0)        ; 0           ; 0            ; 0       ; 0         ; 0    ; 0            ; |lab6|sseg:inst16   ; work         ;
;    |sseg:inst17|           ; 7 (7)             ; 0 (0)        ; 0           ; 0            ; 0       ; 0         ; 0    ; 0            ; |lab6|sseg:inst17   ; work         ;
+----------------------------+-------------------+--------------+-------------+--------------+---------+-----------+------+--------------+---------------------+--------------+
Note: For table entries with two numbers listed, the numbers in parentheses indicate the number of resources of the given type used by the specific entity alone. The numbers listed outside of parentheses indicate the total resources of the given type used by the specific entity and all of its sub-entities in the hierarchy.


Encoding Type:  One-Hot
+-------------------------------------------------------------------------------------------------------------+
; State Machine - |lab6|machine:inst2|state                                                                   ;
+----------+----------+----------+----------+----------+----------+----------+----------+----------+----------+
; Name     ; state.s8 ; state.s7 ; state.s6 ; state.s5 ; state.s4 ; state.s3 ; state.s2 ; state.s1 ; state.s0 ;
+----------+----------+----------+----------+----------+----------+----------+----------+----------+----------+
; state.s0 ; 0        ; 0        ; 0        ; 0        ; 0        ; 0        ; 0        ; 0        ; 0        ;
; state.s1 ; 0        ; 0        ; 0        ; 0        ; 0        ; 0        ; 0        ; 1        ; 1        ;
; state.s2 ; 0        ; 0        ; 0        ; 0        ; 0        ; 0        ; 1        ; 0        ; 1        ;
; state.s3 ; 0        ; 0        ; 0        ; 0        ; 0        ; 1        ; 0        ; 0        ; 1        ;
; state.s4 ; 0        ; 0        ; 0        ; 0        ; 1        ; 0        ; 0        ; 0        ; 1        ;
; state.s5 ; 0        ; 0        ; 0        ; 1        ; 0        ; 0        ; 0        ; 0        ; 1        ;
; state.s6 ; 0        ; 0        ; 1        ; 0        ; 0        ; 0        ; 0        ; 0        ; 1        ;
; state.s7 ; 0        ; 1        ; 0        ; 0        ; 0        ; 0        ; 0        ; 0        ; 1        ;
; state.s8 ; 1        ; 0        ; 0        ; 0        ; 0        ; 0        ; 0        ; 0        ; 1        ;
+----------+----------+----------+----------+----------+----------+----------+----------+----------+----------+


+------------------------------------------------------+
; General Register Statistics                          ;
+----------------------------------------------+-------+
; Statistic                                    ; Value ;
+----------------------------------------------+-------+
; Total registers                              ; 34    ;
; Number of registers using Synchronous Clear  ; 4     ;
; Number of registers using Synchronous Load   ; 4     ;
; Number of registers using Asynchronous Clear ; 25    ;
; Number of registers using Asynchronous Load  ; 0     ;
; Number of registers using Clock Enable       ; 9     ;
; Number of registers using Preset             ; 0     ;
+----------------------------------------------+-------+


+------------------------------------------------------------------------------------------------------------------------------------------+
; Multiplexer Restructuring Statistics (Restructuring Performed)                                                                           ;
+--------------------+-----------+---------------+----------------------+------------------------+------------+----------------------------+
; Multiplexer Inputs ; Bus Width ; Baseline Area ; Area if Restructured ; Saving if Restructured ; Registered ; Example Multiplexer Output ;
+--------------------+-----------+---------------+----------------------+------------------------+------------+----------------------------+
; 13:1               ; 4 bits    ; 32 LEs        ; 24 LEs               ; 8 LEs                  ; Yes        ; |lab6|ALU2:inst3|Result[7] ;
; 15:1               ; 4 bits    ; 40 LEs        ; 24 LEs               ; 16 LEs                 ; Yes        ; |lab6|ALU2:inst3|Result[3] ;
+--------------------+-----------+---------------+----------------------+------------------------+------------+----------------------------+


+-------------------------------+
; Elapsed Time Per Partition    ;
+----------------+--------------+
; Partition Name ; Elapsed Time ;
+----------------+--------------+
; Top            ; 00:00:00     ;
+----------------+--------------+


+-------------------------------+
; Analysis & Synthesis Messages ;
+-------------------------------+
Info: *******************************************************************
Info: Running Quartus II 32-bit Analysis & Synthesis
    Info: Version 13.0.1 Build 232 06/12/2013 Service Pack 1 SJ Full Version
    Info: Processing started: Wed Nov 20 14:50:09 2019
Info: Command: quartus_map --read_settings_files=on --write_settings_files=off lab6 -c lab6
Info (11104): Parallel Compilation has detected 8 hyper-threaded processors. However, the extra hyper-threaded processors will not be used by default. Parallel Compilation will use 4 of the 4 physical processors detected instead.
Info (12021): Found 1 design units, including 1 entities, in source file 4x16decode.bdf
    Info (12023): Found entity 1: 4x16decode
Info (12021): Found 2 design units, including 1 entities, in source file ALU.vhd
    Info (12022): Found design unit 1: ALU-calculation
    Info (12023): Found entity 1: ALU
Info (12021): Found 2 design units, including 1 entities, in source file precombiner.vhd
    Info (12022): Found design unit 1: precombiner-Behaviour
    Info (12023): Found entity 1: precombiner
Info (12021): Found 2 design units, including 1 entities, in source file postcombiner.vhd
    Info (12022): Found design unit 1: postcombiner-behaviour
    Info (12023): Found entity 1: postcombiner
Info (12021): Found 1 design units, including 1 entities, in source file lab6.bdf
    Info (12023): Found entity 1: lab6
Warning (12019): Can't analyze file -- file precombiner.bdf is missing
Info (12021): Found 1 design units, including 1 entities, in source file 4x16.bdf
    Info (12023): Found entity 1: 4x16
Warning (12019): Can't analyze file -- file output_files/ALU2.vhd is missing
Info (12021): Found 2 design units, including 1 entities, in source file ALU2.vhd
    Info (12022): Found design unit 1: ALU2-calculation
    Info (12023): Found entity 1: ALU2
Info (12021): Found 2 design units, including 1 entities, in source file seggfsm.vhd
    Info (12022): Found design unit 1: sseg-Behavior
    Info (12023): Found entity 1: sseg
Info (12021): Found 2 design units, including 1 entities, in source file ssegfsm.vhd
    Info (12022): Found design unit 1: ssegfsm-Behavior
    Info (12023): Found entity 1: ssegfsm
Info (12127): Elaborating entity "lab6" for the top level hierarchy
Warning (275011): Block or symbol "sseg" of instance "inst16" overlaps another block or symbol
Warning (275008): Primitive "GND" of instance "inst15" not used
Warning (275008): Primitive "GND" of instance "inst18" not used
Info (12128): Elaborating entity "ssegfsm" for hierarchy "ssegfsm:inst5"
Warning (12125): Using design file machine.vhd, which is not specified as a design file for the current project, but contains definitions for 2 design units and 1 entities in project
    Info (12022): Found design unit 1: machine-Behaviour
    Info (12023): Found entity 1: machine
Info (12128): Elaborating entity "machine" for hierarchy "machine:inst2"
Info (12128): Elaborating entity "sseg" for hierarchy "sseg:inst16"
Info (12128): Elaborating entity "ALU2" for hierarchy "ALU2:inst3"
Warning (10492): VHDL Process Statement warning at ALU2.vhd(100): signal "Result" is read inside the Process Statement but isn't in the Process Statement's sensitivity list
Warning (10492): VHDL Process Statement warning at ALU2.vhd(101): signal "Result" is read inside the Process Statement but isn't in the Process Statement's sensitivity list
Warning (12125): Using design file latch1.vhd, which is not specified as a design file for the current project, but contains definitions for 2 design units and 1 entities in project
    Info (12022): Found design unit 1: latch1-Behavior
    Info (12023): Found entity 1: latch1
Info (12128): Elaborating entity "latch1" for hierarchy "latch1:inst1"
Info (12128): Elaborating entity "4x16" for hierarchy "4x16:inst6"
Info (12128): Elaborating entity "postcombiner" for hierarchy "4x16:inst6|postcombiner:inst1"
Info (12128): Elaborating entity "4x16decode" for hierarchy "4x16:inst6|4x16decode:inst2"
Warning (12125): Using design file decodeModified.bdf, which is not specified as a design file for the current project, but contains definitions for 1 design units and 1 entities in project
    Info (12023): Found entity 1: decodeModified
Info (12128): Elaborating entity "decodeModified" for hierarchy "4x16:inst6|4x16decode:inst2|decodeModified:inst"
Warning (12125): Using design file decod.vhd, which is not specified as a design file for the current project, but contains definitions for 2 design units and 1 entities in project
    Info (12022): Found design unit 1: decod-Behavior
    Info (12023): Found entity 1: decod
Info (12128): Elaborating entity "decod" for hierarchy "4x16:inst6|4x16decode:inst2|decodeModified:inst|decod:inst"
Info (12128): Elaborating entity "precombiner" for hierarchy "4x16:inst6|precombiner:inst"
Warning (13024): Output pins are stuck at VCC or GND
    Warning (13410): Pin "FSM[0]" is stuck at VCC
    Warning (13410): Pin "FSM[2]" is stuck at GND
    Warning (13410): Pin "FSM[6]" is stuck at GND
    Warning (13410): Pin "negdisplay[0]" is stuck at VCC
    Warning (13410): Pin "negdisplay[1]" is stuck at VCC
    Warning (13410): Pin "negdisplay[2]" is stuck at VCC
    Warning (13410): Pin "negdisplay[3]" is stuck at VCC
    Warning (13410): Pin "negdisplay[4]" is stuck at VCC
    Warning (13410): Pin "negdisplay[5]" is stuck at VCC
    Warning (13410): Pin "student_id[2]" is stuck at GND
Info (16010): Generating hard_block partition "hard_block:auto_generated_inst"
    Info (16011): Adding 0 node(s), including 0 DDIO, 0 PLL, 0 transceiver and 0 LCELL
Info (21057): Implemented 209 device resources after synthesis - the final resource count might be different
    Info (21058): Implemented 20 input pins
    Info (21059): Implemented 35 output pins
    Info (21061): Implemented 154 logic cells
Info: Quartus II 32-bit Analysis & Synthesis was successful. 0 errors, 22 warnings
    Info: Peak virtual memory: 359 megabytes
    Info: Processing ended: Wed Nov 20 14:50:13 2019
    Info: Elapsed time: 00:00:04
    Info: Total CPU time (on all processors): 00:00:02


